<?xml version="1.0" encoding="UTF-8"?>
<!-- Generated by org.testng.reporters.JUnitXMLReporter -->
<testsuite ignored="0" hostname="DESKTOP-VC9EE72" failures="0" tests="4" name="Default test" time="4.309" errors="0" timestamp="2023-09-18T20:41:33 EDT">
  <testcase classname="testcases.PetTests" name="postPetTest" time="3.108"/>
  <testcase classname="testcases.PetTests" name="getPetTest" time="0.21"/>
  <testcase classname="testcases.PetTests" name="updatePetTest" time="0.556"/>
  <testcase classname="testcases.PetTests" name="deletePetTest" time="0.178"/>
</testsuite> <!-- Default test -->
