<?xml version="1.0" encoding="UTF-8"?>
<testng-results ignored="0" total="4" passed="4" failed="0" skipped="0">
  <reporter-output>
  </reporter-output>
  <suite started-at="2023-09-18T20:41:29 EDT" name="Default suite" finished-at="2023-09-18T20:41:33 EDT" duration-ms="4309">
    <groups>
    </groups>
    <test started-at="2023-09-18T20:41:29 EDT" name="Default test" finished-at="2023-09-18T20:41:33 EDT" duration-ms="4309">
      <class name="testcases.PetTests">
        <test-method is-config="true" signature="setup()[pri:0, instance:testcases.PetTests@6adbc9d]" started-at="2023-09-18T20:41:29 EDT" name="setup" finished-at="2023-09-18T20:41:29 EDT" duration-ms="182" status="PASS">
          <reporter-output>
          </reporter-output>
        </test-method> <!-- setup -->
        <test-method signature="postPetTest()[pri:1, instance:testcases.PetTests@6adbc9d]" started-at="2023-09-18T20:41:29 EDT" name="postPetTest" finished-at="2023-09-18T20:41:32 EDT" duration-ms="3108" status="PASS">
          <reporter-output>
          </reporter-output>
        </test-method> <!-- postPetTest -->
        <test-method signature="getPetTest()[pri:2, instance:testcases.PetTests@6adbc9d]" started-at="2023-09-18T20:41:32 EDT" name="getPetTest" finished-at="2023-09-18T20:41:32 EDT" duration-ms="210" status="PASS">
          <reporter-output>
          </reporter-output>
        </test-method> <!-- getPetTest -->
        <test-method signature="updatePetTest()[pri:3, instance:testcases.PetTests@6adbc9d]" started-at="2023-09-18T20:41:32 EDT" name="updatePetTest" finished-at="2023-09-18T20:41:33 EDT" duration-ms="556" status="PASS">
          <reporter-output>
          </reporter-output>
        </test-method> <!-- updatePetTest -->
        <test-method signature="deletePetTest()[pri:4, instance:testcases.PetTests@6adbc9d]" started-at="2023-09-18T20:41:33 EDT" name="deletePetTest" finished-at="2023-09-18T20:41:33 EDT" duration-ms="178" status="PASS">
          <reporter-output>
          </reporter-output>
        </test-method> <!-- deletePetTest -->
      </class> <!-- testcases.PetTests -->
    </test> <!-- Default test -->
  </suite> <!-- Default suite -->
</testng-results>
